c:\users\jonathan\vexrepos\chessai\consoleapplication1\x64\debug\vc141.pdb
c:\users\jonathan\vexrepos\chessai\consoleapplication1\x64\debug\vc141.idb
c:\users\jonathan\vexrepos\chessai\consoleapplication1\x64\debug\board.obj
c:\users\jonathan\vexrepos\chessai\consoleapplication1\x64\debug\bitops.obj
c:\users\jonathan\vexrepos\chessai\consoleapplication1\x64\debug\cli.obj
c:\users\jonathan\vexrepos\chessai\consoleapplication1\x64\debug\data.obj
c:\users\jonathan\vexrepos\chessai\consoleapplication1\x64\debug\main.obj
c:\users\jonathan\vexrepos\chessai\consoleapplication1\x64\debug\setup.obj
c:\users\jonathan\vexrepos\chessai\consoleapplication1\x64\debug\commands.obj
c:\users\jonathan\vexrepos\chessai\consoleapplication1\x64\debug\readfen.obj
c:\users\jonathan\vexrepos\chessai\x64\debug\chessai.pdb
c:\users\jonathan\vexrepos\chessai\consoleapplication1\x64\debug\chessai.tlog\cl.command.1.tlog
c:\users\jonathan\vexrepos\chessai\consoleapplication1\x64\debug\chessai.tlog\cl.read.1.tlog
c:\users\jonathan\vexrepos\chessai\consoleapplication1\x64\debug\chessai.tlog\cl.write.1.tlog
c:\users\jonathan\vexrepos\chessai\consoleapplication1\x64\debug\chessai.tlog\link.6632-cvtres.read.1.tlog
c:\users\jonathan\vexrepos\chessai\consoleapplication1\x64\debug\chessai.tlog\link.6632-cvtres.write.1.tlog
c:\users\jonathan\vexrepos\chessai\consoleapplication1\x64\debug\chessai.tlog\link.6632-rc.read.1.tlog
c:\users\jonathan\vexrepos\chessai\consoleapplication1\x64\debug\chessai.tlog\link.6632-rc.write.1.tlog
c:\users\jonathan\vexrepos\chessai\consoleapplication1\x64\debug\chessai.tlog\link.6632.read.1.tlog
c:\users\jonathan\vexrepos\chessai\consoleapplication1\x64\debug\chessai.tlog\link.6632.write.1.tlog
c:\users\jonathan\vexrepos\chessai\consoleapplication1\x64\debug\chessai.tlog\link.command.1.tlog
c:\users\jonathan\vexrepos\chessai\consoleapplication1\x64\debug\chessai.tlog\link.read.1.tlog
c:\users\jonathan\vexrepos\chessai\consoleapplication1\x64\debug\chessai.tlog\link.write.1.tlog
